<?xml version="1.0" encoding="UTF-8"?>
<!-- Generated by org.testng.reporters.JUnitReportReporter -->
<testsuite hostname="DESKTOP-O7OJUQ0" failures="0" tests="2" name="com.test.MultiTest" time="2.404" errors="0" timestamp="2024-06-13T20:51:29 IST" skipped="0">
  <testcase classname="com.test.MultiTest" name="SelectDropDown" time="1.647"/>
  <testcase classname="com.test.MultiTest" name="MouseHovering" time="0.757"/>
</testsuite> <!-- com.test.MultiTest -->
