<?xml version="1.0" encoding="UTF-8"?>
<!-- Generated by org.testng.reporters.JUnitReportReporter -->
<testsuite hostname="DESKTOP-O7OJUQ0" failures="0" tests="1" name="com.test.FrameHandling" time="26.356" errors="0" timestamp="2024-06-13T20:38:41 IST" skipped="0">
  <testcase classname="com.test.FrameHandling" name="FrameHandle" time="26.356"/>
</testsuite> <!-- com.test.FrameHandling -->
